<?xml version="1.0" encoding="UTF-8"?>
<!-- Generated by org.testng.reporters.JUnitReportReporter -->
<testsuite hostname="DESKTOP-PC3TPJ0" failures="0" tests="1" name="testngg.testngtest" time="0.014" errors="0" timestamp="2022-10-03T09:14:57 IST" skipped="0">
  <testcase classname="testngg.testngtest" name="test123" time="0.014"/>
  <system-out/>
</testsuite> <!-- testngg.testngtest -->
